e:\program\netteaching\netteachingwork\x64\release\netteachingwork.obj
e:\program\netteaching\netteachingwork\x64\release\main.obj
e:\program\netteaching\netteachingwork\x64\release\moc_netteachingwork.obj
e:\program\netteaching\netteachingwork\x64\release\qrc_netteachingwork.obj
c:\users\coder\source\repos\netteachingwork\netteachingwork\x64\release\moc_netteachingwork.obj
c:\users\coder\source\repos\netteachingwork\netteachingwork\x64\release\main.obj
c:\users\coder\source\repos\netteachingwork\netteachingwork\x64\release\qrc_netteachingwork.obj
c:\users\coder\source\repos\netteachingwork\netteachingwork\x64\release\netteachingwork.obj
e:\program\netteaching\netteachingwork\x64\release\registerinfo.obj
e:\program\netteaching\netteachingwork\x64\release\moc_registerinfo.obj
c:\users\coder\source\repos\netteachingwork\x64\release\netteachingwork.exe
e:\program\netteaching\x64\release\netteachingwork.exe
e:\program\netteaching\netteachingwork\.\generatedfiles\release\moc_netteachingwork.cpp
e:\program\netteaching\netteachingwork\.\generatedfiles\release\moc_registerinfo.cpp
c:\users\coder\source\repos\netteachingwork\netteachingwork\generatedfiles\ui_netteachingwork.h
c:\users\coder\source\repos\netteachingwork\netteachingwork\generatedfiles\qrc_netteachingwork.cpp
c:\users\coder\source\repos\netteachingwork\netteachingwork\generatedfiles\release\moc_netteachingwork.cpp
e:\program\netteaching\netteachingwork\generatedfiles\ui_netteachingwork.h
e:\program\netteaching\netteachingwork\generatedfiles\qrc_netteachingwork.cpp
e:\program\netteaching\netteachingwork\generatedfiles\release\moc_netteachingwork.cpp
e:\program\netteaching\netteachingwork\generatedfiles\ui_registerinfo.h
e:\program\netteaching\netteachingwork\generatedfiles\release\moc_registerinfo.cpp
e:\program\netteaching\netteachingwork\.\generatedfiles\qrc_netteachingwork.cpp
e:\program\netteaching\netteachingwork\.\generatedfiles\ui_netteachingwork.h
e:\program\netteaching\netteachingwork\.\generatedfiles\ui_registerinfo.h
e:\program\netteaching\netteachingwork\x64\release\netteachingwork.tlog\cl.command.1.tlog
e:\program\netteaching\netteachingwork\x64\release\netteachingwork.tlog\cl.read.1.tlog
e:\program\netteaching\netteachingwork\x64\release\netteachingwork.tlog\cl.write.1.tlog
e:\program\netteaching\netteachingwork\x64\release\netteachingwork.tlog\link.command.1.tlog
e:\program\netteaching\netteachingwork\x64\release\netteachingwork.tlog\link.read.1.tlog
e:\program\netteaching\netteachingwork\x64\release\netteachingwork.tlog\link.write.1.tlog
e:\program\netteaching\netteachingwork\x64\release\netteachingwork.tlog\moc.read.1u.tlog
e:\program\netteaching\netteachingwork\x64\release\netteachingwork.tlog\moc.write.1u.tlog
e:\program\netteaching\netteachingwork\x64\release\netteachingwork.tlog\netteachingwork.write.1u.tlog
e:\program\netteaching\netteachingwork\x64\release\netteachingwork.tlog\rcc.read.1u.tlog
e:\program\netteaching\netteachingwork\x64\release\netteachingwork.tlog\rcc.write.1u.tlog
e:\program\netteaching\netteachingwork\x64\release\netteachingwork.tlog\uic.read.1u.tlog
e:\program\netteaching\netteachingwork\x64\release\netteachingwork.tlog\uic.write.1u.tlog
